{"C:\\Users\\user\\Desktop\\kurzarbeit\\index.js": {"path":"C:\\Users\\user\\Desktop\\kurzarbeit\\index.js","statementMap":{"0":{"start":{"line":1,"column":16},"end":{"line":1,"column":34}},"1":{"start":{"line":2,"column":19},"end":{"line":2,"column":41}},"2":{"start":{"line":3,"column":22},"end":{"line":3,"column":49}},"3":{"start":{"line":4,"column":20},"end":{"line":4,"column":45}},"4":{"start":{"line":5,"column":22},"end":{"line":5,"column":49}},"5":{"start":{"line":6,"column":24},"end":{"line":6,"column":53}},"6":{"start":{"line":7,"column":0},"end":{"line":7,"column":29}},"7":{"start":{"line":9,"column":12},"end":{"line":9,"column":21}},"8":{"start":{"line":10,"column":0},"end":{"line":10,"column":26}},"9":{"start":{"line":12,"column":0},"end":{"line":12,"column":29}},"10":{"start":{"line":14,"column":0},"end":{"line":14,"column":34}},"11":{"start":{"line":15,"column":0},"end":{"line":15,"column":25}},"12":{"start":{"line":16,"column":0},"end":{"line":16,"column":34}},"13":{"start":{"line":17,"column":0},"end":{"line":17,"column":38}},"14":{"start":{"line":20,"column":0},"end":{"line":20,"column":20}}},"fnMap":{},"branchMap":{},"s":{"0":2,"1":2,"2":2,"3":2,"4":2,"5":2,"6":2,"7":2,"8":2,"9":2,"10":2,"11":2,"12":2,"13":2,"14":2},"f":{},"b":{},"_coverageSchema":"1a1c01bbd47fc00a2c39e90264f33305004495a9","hash":"6f5b905b06aadfa93e056f0974ccc7508902c661"}
,"C:\\Users\\user\\Desktop\\kurzarbeit\\mongo-connection.js": {"path":"C:\\Users\\user\\Desktop\\kurzarbeit\\mongo-connection.js","statementMap":{"0":{"start":{"line":1,"column":17},"end":{"line":1,"column":36}},"1":{"start":{"line":2,"column":0},"end":{"line":2,"column":103}},"2":{"start":{"line":4,"column":9},"end":{"line":4,"column":28}},"3":{"start":{"line":5,"column":0},"end":{"line":5,"column":65}},"4":{"start":{"line":6,"column":0},"end":{"line":8,"column":2}},"5":{"start":{"line":7,"column":2},"end":{"line":7,"column":44}}},"fnMap":{"0":{"name":"(anonymous_0)","decl":{"start":{"line":6,"column":16},"end":{"line":6,"column":17}},"loc":{"start":{"line":6,"column":27},"end":{"line":8,"column":1}},"line":6}},"branchMap":{},"s":{"0":2,"1":2,"2":2,"3":2,"4":2,"5":2},"f":{"0":2},"b":{},"_coverageSchema":"1a1c01bbd47fc00a2c39e90264f33305004495a9","hash":"a7e9ea3e8ce20b94fc8b5d90bef6c9a5eea96251"}
,"C:\\Users\\user\\Desktop\\kurzarbeit\\lib\\print-matching-history.js": {"path":"C:\\Users\\user\\Desktop\\kurzarbeit\\lib\\print-matching-history.js","statementMap":{"0":{"start":{"line":1,"column":15},"end":{"line":1,"column":32}},"1":{"start":{"line":4,"column":2},"end":{"line":4,"column":113}},"2":{"start":{"line":8,"column":2},"end":{"line":9,"column":75}},"3":{"start":{"line":9,"column":4},"end":{"line":9,"column":75}},"4":{"start":{"line":11,"column":2},"end":{"line":11,"column":41}},"5":{"start":{"line":13,"column":0},"end":{"line":13,"column":37}}},"fnMap":{"0":{"name":"printMatching","decl":{"start":{"line":3,"column":9},"end":{"line":3,"column":22}},"loc":{"start":{"line":3,"column":33},"end":{"line":5,"column":1}},"line":3},"1":{"name":"printMatchingHistory","decl":{"start":{"line":7,"column":9},"end":{"line":7,"column":29}},"loc":{"start":{"line":7,"column":38},"end":{"line":12,"column":1}},"line":7}},"branchMap":{"0":{"loc":{"start":{"line":8,"column":2},"end":{"line":9,"column":75}},"type":"if","locations":[{"start":{"line":8,"column":2},"end":{"line":9,"column":75}},{"start":{"line":8,"column":2},"end":{"line":9,"column":75}}],"line":8}},"s":{"0":1,"1":1,"2":2,"3":1,"4":1,"5":1},"f":{"0":1,"1":2},"b":{"0":[1,1]},"_coverageSchema":"1a1c01bbd47fc00a2c39e90264f33305004495a9","hash":"4f593b6c4823e4b111bcd39dea5a738e3c282caf"}
,"C:\\Users\\user\\Desktop\\kurzarbeit\\models\\client.js": {"path":"C:\\Users\\user\\Desktop\\kurzarbeit\\models\\client.js","statementMap":{"0":{"start":{"line":1,"column":17},"end":{"line":1,"column":36}},"1":{"start":{"line":3,"column":21},"end":{"line":20,"column":2}},"2":{"start":{"line":22,"column":0},"end":{"line":22,"column":53}},"3":{"start":{"line":23,"column":0},"end":{"line":23,"column":55}}},"fnMap":{},"branchMap":{},"s":{"0":2,"1":2,"2":2,"3":2},"f":{},"b":{},"_coverageSchema":"1a1c01bbd47fc00a2c39e90264f33305004495a9","hash":"2b6cfbe123f124aac8fdebb75750ab8da7fde95a"}
,"C:\\Users\\user\\Desktop\\kurzarbeit\\models\\expert.js": {"path":"C:\\Users\\user\\Desktop\\kurzarbeit\\models\\expert.js","statementMap":{"0":{"start":{"line":1,"column":17},"end":{"line":1,"column":36}},"1":{"start":{"line":2,"column":21},"end":{"line":15,"column":2}},"2":{"start":{"line":17,"column":0},"end":{"line":17,"column":55}}},"fnMap":{},"branchMap":{},"s":{"0":2,"1":2,"2":2},"f":{},"b":{},"_coverageSchema":"1a1c01bbd47fc00a2c39e90264f33305004495a9","hash":"a9bb38c8338037864365b9ebe8ced9e8b6eeccd6"}
,"C:\\Users\\user\\Desktop\\kurzarbeit\\models\\matching.js": {"path":"C:\\Users\\user\\Desktop\\kurzarbeit\\models\\matching.js","statementMap":{"0":{"start":{"line":2,"column":17},"end":{"line":2,"column":36}},"1":{"start":{"line":3,"column":23},"end":{"line":19,"column":2}},"2":{"start":{"line":21,"column":0},"end":{"line":21,"column":55}},"3":{"start":{"line":23,"column":0},"end":{"line":23,"column":59}}},"fnMap":{},"branchMap":{},"s":{"0":2,"1":2,"2":2,"3":2},"f":{},"b":{},"_coverageSchema":"1a1c01bbd47fc00a2c39e90264f33305004495a9","hash":"192d57c8bfd378c40ceba383a6295988613a07b5"}
,"C:\\Users\\user\\Desktop\\kurzarbeit\\routes\\clients.js": {"path":"C:\\Users\\user\\Desktop\\kurzarbeit\\routes\\clients.js","statementMap":{"0":{"start":{"line":1,"column":43},"end":{"line":1,"column":65}},"1":{"start":{"line":3,"column":15},"end":{"line":3,"column":42}},"2":{"start":{"line":5,"column":0},"end":{"line":8,"column":2}},"3":{"start":{"line":6,"column":20},"end":{"line":6,"column":46}},"4":{"start":{"line":7,"column":4},"end":{"line":7,"column":35}},"5":{"start":{"line":11,"column":0},"end":{"line":19,"column":2}},"6":{"start":{"line":13,"column":4},"end":{"line":18,"column":5}},"7":{"start":{"line":14,"column":22},"end":{"line":14,"column":58}},"8":{"start":{"line":15,"column":8},"end":{"line":15,"column":24}},"9":{"start":{"line":17,"column":8},"end":{"line":17,"column":15}},"10":{"start":{"line":21,"column":0},"end":{"line":24,"column":2}},"11":{"start":{"line":22,"column":4},"end":{"line":22,"column":60}},"12":{"start":{"line":23,"column":4},"end":{"line":23,"column":18}},"13":{"start":{"line":27,"column":0},"end":{"line":33,"column":2}},"14":{"start":{"line":28,"column":19},"end":{"line":28,"column":64}},"15":{"start":{"line":30,"column":4},"end":{"line":30,"column":65}},"16":{"start":{"line":30,"column":16},"end":{"line":30,"column":65}},"17":{"start":{"line":31,"column":4},"end":{"line":31,"column":35}},"18":{"start":{"line":35,"column":0},"end":{"line":43,"column":2}},"19":{"start":{"line":36,"column":25},"end":{"line":36,"column":35}},"20":{"start":{"line":37,"column":46},"end":{"line":37,"column":54}},"21":{"start":{"line":39,"column":21},"end":{"line":39,"column":90}},"22":{"start":{"line":42,"column":4},"end":{"line":42,"column":22}},"23":{"start":{"line":45,"column":0},"end":{"line":52,"column":2}},"24":{"start":{"line":47,"column":21},"end":{"line":47,"column":31}},"25":{"start":{"line":48,"column":17},"end":{"line":48,"column":25}},"26":{"start":{"line":50,"column":0},"end":{"line":50,"column":46}},"27":{"start":{"line":54,"column":0},"end":{"line":54,"column":23}}},"fnMap":{"0":{"name":"(anonymous_0)","decl":{"start":{"line":5,"column":16},"end":{"line":5,"column":17}},"loc":{"start":{"line":5,"column":36},"end":{"line":8,"column":1}},"line":5},"1":{"name":"(anonymous_1)","decl":{"start":{"line":11,"column":17},"end":{"line":11,"column":18}},"loc":{"start":{"line":11,"column":43},"end":{"line":19,"column":1}},"line":11},"2":{"name":"(anonymous_2)","decl":{"start":{"line":21,"column":28},"end":{"line":21,"column":29}},"loc":{"start":{"line":21,"column":47},"end":{"line":24,"column":1}},"line":21},"3":{"name":"(anonymous_3)","decl":{"start":{"line":27,"column":25},"end":{"line":27,"column":26}},"loc":{"start":{"line":27,"column":44},"end":{"line":33,"column":1}},"line":27},"4":{"name":"(anonymous_4)","decl":{"start":{"line":35,"column":36},"end":{"line":35,"column":37}},"loc":{"start":{"line":35,"column":54},"end":{"line":43,"column":1}},"line":35},"5":{"name":"(anonymous_5)","decl":{"start":{"line":45,"column":27},"end":{"line":45,"column":28}},"loc":{"start":{"line":45,"column":46},"end":{"line":52,"column":1}},"line":45}},"branchMap":{"0":{"loc":{"start":{"line":30,"column":4},"end":{"line":30,"column":65}},"type":"if","locations":[{"start":{"line":30,"column":4},"end":{"line":30,"column":65}},{"start":{"line":30,"column":4},"end":{"line":30,"column":65}}],"line":30}},"s":{"0":2,"1":2,"2":2,"3":1,"4":1,"5":2,"6":2,"7":2,"8":2,"9":0,"10":2,"11":0,"12":0,"13":2,"14":0,"15":0,"16":0,"17":0,"18":2,"19":1,"20":1,"21":1,"22":1,"23":2,"24":0,"25":0,"26":0,"27":2},"f":{"0":1,"1":2,"2":0,"3":0,"4":1,"5":0},"b":{"0":[0,0]},"_coverageSchema":"1a1c01bbd47fc00a2c39e90264f33305004495a9","hash":"3763652a0fda25cf187a08d862ca6edffce138a9"}
,"C:\\Users\\user\\Desktop\\kurzarbeit\\routes\\experts.js": {"path":"C:\\Users\\user\\Desktop\\kurzarbeit\\routes\\experts.js","statementMap":{"0":{"start":{"line":1,"column":26},"end":{"line":1,"column":48}},"1":{"start":{"line":3,"column":15},"end":{"line":3,"column":42}},"2":{"start":{"line":5,"column":0},"end":{"line":9,"column":2}},"3":{"start":{"line":6,"column":20},"end":{"line":6,"column":46}},"4":{"start":{"line":8,"column":4},"end":{"line":8,"column":35}},"5":{"start":{"line":12,"column":0},"end":{"line":16,"column":2}},"6":{"start":{"line":14,"column":18},"end":{"line":14,"column":54}},"7":{"start":{"line":15,"column":4},"end":{"line":15,"column":20}},"8":{"start":{"line":18,"column":0},"end":{"line":21,"column":2}},"9":{"start":{"line":19,"column":4},"end":{"line":19,"column":60}},"10":{"start":{"line":20,"column":4},"end":{"line":20,"column":18}},"11":{"start":{"line":24,"column":0},"end":{"line":29,"column":2}},"12":{"start":{"line":25,"column":19},"end":{"line":25,"column":64}},"13":{"start":{"line":26,"column":4},"end":{"line":26,"column":65}},"14":{"start":{"line":26,"column":16},"end":{"line":26,"column":65}},"15":{"start":{"line":27,"column":4},"end":{"line":27,"column":35}},"16":{"start":{"line":33,"column":0},"end":{"line":40,"column":2}},"17":{"start":{"line":35,"column":21},"end":{"line":35,"column":31}},"18":{"start":{"line":36,"column":17},"end":{"line":36,"column":25}},"19":{"start":{"line":38,"column":0},"end":{"line":38,"column":46}},"20":{"start":{"line":42,"column":0},"end":{"line":42,"column":23}}},"fnMap":{"0":{"name":"(anonymous_0)","decl":{"start":{"line":5,"column":16},"end":{"line":5,"column":17}},"loc":{"start":{"line":5,"column":36},"end":{"line":9,"column":1}},"line":5},"1":{"name":"(anonymous_1)","decl":{"start":{"line":12,"column":17},"end":{"line":12,"column":18}},"loc":{"start":{"line":12,"column":37},"end":{"line":16,"column":1}},"line":12},"2":{"name":"(anonymous_2)","decl":{"start":{"line":18,"column":28},"end":{"line":18,"column":29}},"loc":{"start":{"line":18,"column":47},"end":{"line":21,"column":1}},"line":18},"3":{"name":"(anonymous_3)","decl":{"start":{"line":24,"column":25},"end":{"line":24,"column":26}},"loc":{"start":{"line":24,"column":44},"end":{"line":29,"column":1}},"line":24},"4":{"name":"(anonymous_4)","decl":{"start":{"line":33,"column":27},"end":{"line":33,"column":28}},"loc":{"start":{"line":33,"column":46},"end":{"line":40,"column":1}},"line":33}},"branchMap":{"0":{"loc":{"start":{"line":26,"column":4},"end":{"line":26,"column":65}},"type":"if","locations":[{"start":{"line":26,"column":4},"end":{"line":26,"column":65}},{"start":{"line":26,"column":4},"end":{"line":26,"column":65}}],"line":26}},"s":{"0":2,"1":2,"2":2,"3":0,"4":0,"5":2,"6":1,"7":1,"8":2,"9":0,"10":0,"11":2,"12":0,"13":0,"14":0,"15":0,"16":2,"17":0,"18":0,"19":0,"20":2},"f":{"0":0,"1":1,"2":0,"3":0,"4":0},"b":{"0":[0,0]},"_coverageSchema":"1a1c01bbd47fc00a2c39e90264f33305004495a9","hash":"c2f64d3e8a8971c8b47d6fe85dd3f2edacbde8a0"}
,"C:\\Users\\user\\Desktop\\kurzarbeit\\routes\\index.js": {"path":"C:\\Users\\user\\Desktop\\kurzarbeit\\routes\\index.js","statementMap":{"0":{"start":{"line":1,"column":15},"end":{"line":1,"column":42}},"1":{"start":{"line":3,"column":0},"end":{"line":5,"column":2}},"2":{"start":{"line":4,"column":4},"end":{"line":4,"column":23}},"3":{"start":{"line":7,"column":0},"end":{"line":7,"column":23}}},"fnMap":{"0":{"name":"(anonymous_0)","decl":{"start":{"line":3,"column":16},"end":{"line":3,"column":17}},"loc":{"start":{"line":3,"column":29},"end":{"line":5,"column":1}},"line":3}},"branchMap":{},"s":{"0":2,"1":2,"2":0,"3":2},"f":{"0":0},"b":{},"_coverageSchema":"1a1c01bbd47fc00a2c39e90264f33305004495a9","hash":"da0cd731962aa6ec1a0b110fdc7cb9e499fe8293"}
,"C:\\Users\\user\\Desktop\\kurzarbeit\\routes\\matchings.js": {"path":"C:\\Users\\user\\Desktop\\kurzarbeit\\routes\\matchings.js","statementMap":{"0":{"start":{"line":1,"column":28},"end":{"line":1,"column":50}},"1":{"start":{"line":3,"column":15},"end":{"line":3,"column":42}},"2":{"start":{"line":5,"column":0},"end":{"line":8,"column":2}},"3":{"start":{"line":6,"column":22},"end":{"line":6,"column":50}},"4":{"start":{"line":7,"column":4},"end":{"line":7,"column":41}},"5":{"start":{"line":10,"column":0},"end":{"line":25,"column":2}},"6":{"start":{"line":12,"column":19},"end":{"line":12,"column":35}},"7":{"start":{"line":13,"column":24},"end":{"line":13,"column":45}},"8":{"start":{"line":15,"column":18},"end":{"line":15,"column":20}},"9":{"start":{"line":17,"column":4},"end":{"line":17,"column":37}},"10":{"start":{"line":17,"column":16},"end":{"line":17,"column":37}},"11":{"start":{"line":18,"column":4},"end":{"line":18,"column":52}},"12":{"start":{"line":18,"column":21},"end":{"line":18,"column":52}},"13":{"start":{"line":21,"column":22},"end":{"line":21,"column":56}},"14":{"start":{"line":23,"column":4},"end":{"line":23,"column":41}},"15":{"start":{"line":30,"column":0},"end":{"line":30,"column":23}}},"fnMap":{"0":{"name":"(anonymous_0)","decl":{"start":{"line":5,"column":16},"end":{"line":5,"column":17}},"loc":{"start":{"line":5,"column":36},"end":{"line":8,"column":1}},"line":5},"1":{"name":"(anonymous_1)","decl":{"start":{"line":10,"column":22},"end":{"line":10,"column":23}},"loc":{"start":{"line":10,"column":41},"end":{"line":25,"column":1}},"line":10}},"branchMap":{"0":{"loc":{"start":{"line":17,"column":4},"end":{"line":17,"column":37}},"type":"if","locations":[{"start":{"line":17,"column":4},"end":{"line":17,"column":37}},{"start":{"line":17,"column":4},"end":{"line":17,"column":37}}],"line":17},"1":{"loc":{"start":{"line":18,"column":4},"end":{"line":18,"column":52}},"type":"if","locations":[{"start":{"line":18,"column":4},"end":{"line":18,"column":52}},{"start":{"line":18,"column":4},"end":{"line":18,"column":52}}],"line":18}},"s":{"0":2,"1":2,"2":2,"3":0,"4":0,"5":2,"6":0,"7":0,"8":0,"9":0,"10":0,"11":0,"12":0,"13":0,"14":0,"15":2},"f":{"0":0,"1":0},"b":{"0":[0,0],"1":[0,0]},"_coverageSchema":"1a1c01bbd47fc00a2c39e90264f33305004495a9","hash":"e300ee78f38b49fe6fdf9d89f591ba825aea35de"}
,"C:\\Users\\user\\Desktop\\kurzarbeit\\services\\base-service.js": {"path":"C:\\Users\\user\\Desktop\\kurzarbeit\\services\\base-service.js","statementMap":{"0":{"start":{"line":3,"column":8},"end":{"line":3,"column":26}},"1":{"start":{"line":6,"column":8},"end":{"line":6,"column":45}},"2":{"start":{"line":9,"column":8},"end":{"line":9,"column":32}},"3":{"start":{"line":13,"column":8},"end":{"line":13,"column":46}},"4":{"start":{"line":17,"column":8},"end":{"line":17,"column":56}},"5":{"start":{"line":21,"column":8},"end":{"line":21,"column":56}},"6":{"start":{"line":25,"column":8},"end":{"line":25,"column":38}},"7":{"start":{"line":29,"column":8},"end":{"line":29,"column":35}},"8":{"start":{"line":33,"column":8},"end":{"line":33,"column":46}},"9":{"start":{"line":37,"column":0},"end":{"line":37,"column":28}}},"fnMap":{"0":{"name":"(anonymous_0)","decl":{"start":{"line":2,"column":4},"end":{"line":2,"column":5}},"loc":{"start":{"line":2,"column":22},"end":{"line":4,"column":5}},"line":2},"1":{"name":"(anonymous_1)","decl":{"start":{"line":5,"column":4},"end":{"line":5,"column":5}},"loc":{"start":{"line":5,"column":17},"end":{"line":7,"column":5}},"line":5},"2":{"name":"(anonymous_2)","decl":{"start":{"line":8,"column":4},"end":{"line":8,"column":5}},"loc":{"start":{"line":8,"column":11},"end":{"line":10,"column":5}},"line":8},"3":{"name":"(anonymous_3)","decl":{"start":{"line":11,"column":4},"end":{"line":11,"column":5}},"loc":{"start":{"line":11,"column":24},"end":{"line":14,"column":5}},"line":11},"4":{"name":"(anonymous_4)","decl":{"start":{"line":15,"column":4},"end":{"line":15,"column":5}},"loc":{"start":{"line":15,"column":34},"end":{"line":18,"column":5}},"line":15},"5":{"name":"(anonymous_5)","decl":{"start":{"line":19,"column":4},"end":{"line":19,"column":5}},"loc":{"start":{"line":19,"column":29},"end":{"line":22,"column":5}},"line":19},"6":{"name":"(anonymous_6)","decl":{"start":{"line":23,"column":4},"end":{"line":23,"column":5}},"loc":{"start":{"line":23,"column":19},"end":{"line":26,"column":5}},"line":23},"7":{"name":"(anonymous_7)","decl":{"start":{"line":28,"column":4},"end":{"line":28,"column":5}},"loc":{"start":{"line":28,"column":20},"end":{"line":30,"column":5}},"line":28},"8":{"name":"(anonymous_8)","decl":{"start":{"line":31,"column":4},"end":{"line":31,"column":5}},"loc":{"start":{"line":31,"column":34},"end":{"line":34,"column":5}},"line":31}},"branchMap":{},"s":{"0":6,"1":0,"2":1,"3":4,"4":0,"5":0,"6":2,"7":0,"8":0,"9":2},"f":{"0":6,"1":0,"2":1,"3":4,"4":0,"5":0,"6":2,"7":0,"8":0},"b":{},"_coverageSchema":"1a1c01bbd47fc00a2c39e90264f33305004495a9","hash":"f2a2bdc7fa3bbb09a0f28487379b1bde90d7bfda"}
,"C:\\Users\\user\\Desktop\\kurzarbeit\\services\\client-service.js": {"path":"C:\\Users\\user\\Desktop\\kurzarbeit\\services\\client-service.js","statementMap":{"0":{"start":{"line":1,"column":20},"end":{"line":1,"column":46}},"1":{"start":{"line":2,"column":15},"end":{"line":2,"column":43}},"2":{"start":{"line":8,"column":8},"end":{"line":8,"column":39}},"3":{"start":{"line":13,"column":0},"end":{"line":13,"column":42}}},"fnMap":{"0":{"name":"(anonymous_0)","decl":{"start":{"line":6,"column":4},"end":{"line":6,"column":5}},"loc":{"start":{"line":6,"column":27},"end":{"line":9,"column":5}},"line":6}},"branchMap":{},"s":{"0":2,"1":2,"2":0,"3":2},"f":{"0":0},"b":{},"_coverageSchema":"1a1c01bbd47fc00a2c39e90264f33305004495a9","hash":"e301ca46c907af3d5d124d378e561a8365be1689"}
,"C:\\Users\\user\\Desktop\\kurzarbeit\\services\\expert-service.js": {"path":"C:\\Users\\user\\Desktop\\kurzarbeit\\services\\expert-service.js","statementMap":{"0":{"start":{"line":1,"column":20},"end":{"line":1,"column":46}},"1":{"start":{"line":2,"column":15},"end":{"line":2,"column":43}},"2":{"start":{"line":7,"column":8},"end":{"line":7,"column":40}},"3":{"start":{"line":11,"column":8},"end":{"line":11,"column":47}},"4":{"start":{"line":16,"column":0},"end":{"line":16,"column":42}}},"fnMap":{"0":{"name":"(anonymous_0)","decl":{"start":{"line":6,"column":6},"end":{"line":6,"column":7}},"loc":{"start":{"line":6,"column":35},"end":{"line":8,"column":7}},"line":6},"1":{"name":"(anonymous_1)","decl":{"start":{"line":10,"column":6},"end":{"line":10,"column":7}},"loc":{"start":{"line":10,"column":37},"end":{"line":13,"column":7}},"line":10}},"branchMap":{},"s":{"0":2,"1":2,"2":0,"3":0,"4":2},"f":{"0":0,"1":0},"b":{},"_coverageSchema":"1a1c01bbd47fc00a2c39e90264f33305004495a9","hash":"54c197477161b2f390924fbb8aec98611ba63557"}
,"C:\\Users\\user\\Desktop\\kurzarbeit\\services\\index.js": {"path":"C:\\Users\\user\\Desktop\\kurzarbeit\\services\\index.js","statementMap":{"0":{"start":{"line":1,"column":22},"end":{"line":1,"column":49}},"1":{"start":{"line":2,"column":22},"end":{"line":2,"column":50}},"2":{"start":{"line":3,"column":24},"end":{"line":3,"column":54}},"3":{"start":{"line":4,"column":0},"end":{"line":4,"column":62}}},"fnMap":{},"branchMap":{},"s":{"0":2,"1":2,"2":2,"3":2},"f":{},"b":{},"_coverageSchema":"1a1c01bbd47fc00a2c39e90264f33305004495a9","hash":"d655e0fcb02cf868bd351442d77c9f59b839503f"}
,"C:\\Users\\user\\Desktop\\kurzarbeit\\services\\matching-service.js": {"path":"C:\\Users\\user\\Desktop\\kurzarbeit\\services\\matching-service.js","statementMap":{"0":{"start":{"line":2,"column":20},"end":{"line":2,"column":46}},"1":{"start":{"line":3,"column":17},"end":{"line":3,"column":47}},"2":{"start":{"line":4,"column":22},"end":{"line":4,"column":49}},"3":{"start":{"line":5,"column":22},"end":{"line":5,"column":49}},"4":{"start":{"line":10,"column":8},"end":{"line":10,"column":46}},"5":{"start":{"line":14,"column":8},"end":{"line":14,"column":45}},"6":{"start":{"line":19,"column":23},"end":{"line":19,"column":57}},"7":{"start":{"line":20,"column":23},"end":{"line":20,"column":57}},"8":{"start":{"line":22,"column":25},"end":{"line":22,"column":83}},"9":{"start":{"line":23,"column":8},"end":{"line":23,"column":39}},"10":{"start":{"line":25,"column":8},"end":{"line":25,"column":27}},"11":{"start":{"line":27,"column":8},"end":{"line":27,"column":23}},"12":{"start":{"line":31,"column":0},"end":{"line":31,"column":46}}},"fnMap":{"0":{"name":"(anonymous_0)","decl":{"start":{"line":8,"column":5},"end":{"line":8,"column":6}},"loc":{"start":{"line":8,"column":36},"end":{"line":11,"column":7}},"line":8},"1":{"name":"(anonymous_1)","decl":{"start":{"line":13,"column":6},"end":{"line":13,"column":7}},"loc":{"start":{"line":13,"column":37},"end":{"line":16,"column":7}},"line":13},"2":{"name":"(anonymous_2)","decl":{"start":{"line":18,"column":6},"end":{"line":18,"column":7}},"loc":{"start":{"line":18,"column":59},"end":{"line":28,"column":7}},"line":18}},"branchMap":{},"s":{"0":2,"1":2,"2":2,"3":2,"4":0,"5":0,"6":1,"7":1,"8":1,"9":1,"10":1,"11":1,"12":2},"f":{"0":0,"1":0,"2":1},"b":{},"_coverageSchema":"1a1c01bbd47fc00a2c39e90264f33305004495a9","hash":"100387eb5692b4b2c7bb8e1f578aa565c1b45770"}
}
