TN:
SF:index.js
FNF:0
FNH:0
DA:1,2
DA:2,2
DA:3,2
DA:4,2
DA:5,2
DA:6,2
DA:7,2
DA:9,2
DA:10,2
DA:12,2
DA:14,2
DA:15,2
DA:16,2
DA:17,2
DA:20,2
LF:15
LH:15
BRF:0
BRH:0
end_of_record
TN:
SF:mongo-connection.js
FN:6,(anonymous_0)
FNF:1
FNH:1
FNDA:2,(anonymous_0)
DA:1,2
DA:2,2
DA:4,2
DA:5,2
DA:6,2
DA:7,2
LF:6
LH:6
BRF:0
BRH:0
end_of_record
TN:
SF:lib/print-matching-history.js
FN:3,printMatching
FN:7,printMatchingHistory
FNF:2
FNH:2
FNDA:1,printMatching
FNDA:2,printMatchingHistory
DA:1,1
DA:4,1
DA:8,2
DA:9,1
DA:11,1
DA:13,1
LF:6
LH:6
BRDA:8,0,0,1
BRDA:8,0,1,1
BRF:2
BRH:2
end_of_record
TN:
SF:models/client.js
FNF:0
FNH:0
DA:1,2
DA:3,2
DA:22,2
DA:23,2
LF:4
LH:4
BRF:0
BRH:0
end_of_record
TN:
SF:models/expert.js
FNF:0
FNH:0
DA:1,2
DA:2,2
DA:17,2
LF:3
LH:3
BRF:0
BRH:0
end_of_record
TN:
SF:models/matching.js
FNF:0
FNH:0
DA:2,2
DA:3,2
DA:21,2
DA:23,2
LF:4
LH:4
BRF:0
BRH:0
end_of_record
TN:
SF:routes/clients.js
FN:5,(anonymous_0)
FN:11,(anonymous_1)
FN:21,(anonymous_2)
FN:27,(anonymous_3)
FN:35,(anonymous_4)
FN:45,(anonymous_5)
FNF:6
FNH:3
FNDA:1,(anonymous_0)
FNDA:2,(anonymous_1)
FNDA:0,(anonymous_2)
FNDA:0,(anonymous_3)
FNDA:1,(anonymous_4)
FNDA:0,(anonymous_5)
DA:1,2
DA:3,2
DA:5,2
DA:6,1
DA:7,1
DA:11,2
DA:13,2
DA:14,2
DA:15,2
DA:17,0
DA:21,2
DA:22,0
DA:23,0
DA:27,2
DA:28,0
DA:30,0
DA:31,0
DA:35,2
DA:36,1
DA:37,1
DA:39,1
DA:42,1
DA:45,2
DA:47,0
DA:48,0
DA:50,0
DA:54,2
LF:27
LH:18
BRDA:30,0,0,0
BRDA:30,0,1,0
BRF:2
BRH:0
end_of_record
TN:
SF:routes/experts.js
FN:5,(anonymous_0)
FN:12,(anonymous_1)
FN:18,(anonymous_2)
FN:24,(anonymous_3)
FN:33,(anonymous_4)
FNF:5
FNH:1
FNDA:0,(anonymous_0)
FNDA:1,(anonymous_1)
FNDA:0,(anonymous_2)
FNDA:0,(anonymous_3)
FNDA:0,(anonymous_4)
DA:1,2
DA:3,2
DA:5,2
DA:6,0
DA:8,0
DA:12,2
DA:14,1
DA:15,1
DA:18,2
DA:19,0
DA:20,0
DA:24,2
DA:25,0
DA:26,0
DA:27,0
DA:33,2
DA:35,0
DA:36,0
DA:38,0
DA:42,2
LF:20
LH:10
BRDA:26,0,0,0
BRDA:26,0,1,0
BRF:2
BRH:0
end_of_record
TN:
SF:routes/index.js
FN:3,(anonymous_0)
FNF:1
FNH:0
FNDA:0,(anonymous_0)
DA:1,2
DA:3,2
DA:4,0
DA:7,2
LF:4
LH:3
BRF:0
BRH:0
end_of_record
TN:
SF:routes/matchings.js
FN:5,(anonymous_0)
FN:10,(anonymous_1)
FNF:2
FNH:0
FNDA:0,(anonymous_0)
FNDA:0,(anonymous_1)
DA:1,2
DA:3,2
DA:5,2
DA:6,0
DA:7,0
DA:10,2
DA:12,0
DA:13,0
DA:15,0
DA:17,0
DA:18,0
DA:21,0
DA:23,0
DA:30,2
LF:14
LH:5
BRDA:17,0,0,0
BRDA:17,0,1,0
BRDA:18,1,0,0
BRDA:18,1,1,0
BRF:4
BRH:0
end_of_record
TN:
SF:services/base-service.js
FN:2,(anonymous_0)
FN:5,(anonymous_1)
FN:8,(anonymous_2)
FN:11,(anonymous_3)
FN:15,(anonymous_4)
FN:19,(anonymous_5)
FN:23,(anonymous_6)
FN:28,(anonymous_7)
FN:31,(anonymous_8)
FNF:9
FNH:4
FNDA:6,(anonymous_0)
FNDA:0,(anonymous_1)
FNDA:1,(anonymous_2)
FNDA:4,(anonymous_3)
FNDA:0,(anonymous_4)
FNDA:0,(anonymous_5)
FNDA:2,(anonymous_6)
FNDA:0,(anonymous_7)
FNDA:0,(anonymous_8)
DA:3,6
DA:6,0
DA:9,1
DA:13,4
DA:17,0
DA:21,0
DA:25,2
DA:29,0
DA:33,0
DA:37,2
LF:10
LH:5
BRF:0
BRH:0
end_of_record
TN:
SF:services/client-service.js
FN:6,(anonymous_0)
FNF:1
FNH:0
FNDA:0,(anonymous_0)
DA:1,2
DA:2,2
DA:8,0
DA:13,2
LF:4
LH:3
BRF:0
BRH:0
end_of_record
TN:
SF:services/expert-service.js
FN:6,(anonymous_0)
FN:10,(anonymous_1)
FNF:2
FNH:0
FNDA:0,(anonymous_0)
FNDA:0,(anonymous_1)
DA:1,2
DA:2,2
DA:7,0
DA:11,0
DA:16,2
LF:5
LH:3
BRF:0
BRH:0
end_of_record
TN:
SF:services/index.js
FNF:0
FNH:0
DA:1,2
DA:2,2
DA:3,2
DA:4,2
LF:4
LH:4
BRF:0
BRH:0
end_of_record
TN:
SF:services/matching-service.js
FN:8,(anonymous_0)
FN:13,(anonymous_1)
FN:18,(anonymous_2)
FNF:3
FNH:1
FNDA:0,(anonymous_0)
FNDA:0,(anonymous_1)
FNDA:1,(anonymous_2)
DA:2,2
DA:3,2
DA:4,2
DA:5,2
DA:10,0
DA:14,0
DA:19,1
DA:20,1
DA:22,1
DA:23,1
DA:25,1
DA:27,1
DA:31,2
LF:13
LH:11
BRF:0
BRH:0
end_of_record
